<?xml version="1.0" encoding="UTF-8"?>
<testng-results ignored="0" total="1" passed="1" failed="0" skipped="0">
  <reporter-output>
  </reporter-output>
  <suite started-at="2023-05-24T21:55:09Z" name="Default suite" finished-at="2023-05-24T21:55:42Z" duration-ms="33171">
    <groups>
    </groups>
    <test started-at="2023-05-24T21:55:09Z" name="Default test" finished-at="2023-05-24T21:55:42Z" duration-ms="33171">
      <class name="com.ArtiumTestCases.TC_LoginTest_001">
        <test-method is-config="true" signature="setup()[pri:0, instance:com.ArtiumTestCases.TC_LoginTest_001@221a3fa4]" started-at="2023-05-24T21:55:09Z" name="setup" finished-at="2023-05-24T21:55:14Z" duration-ms="5020" status="PASS">
          <reporter-output>
          </reporter-output>
        </test-method> <!-- setup -->
        <test-method signature="loginTest()[pri:0, instance:com.ArtiumTestCases.TC_LoginTest_001@221a3fa4]" started-at="2023-05-24T21:55:14Z" name="loginTest" finished-at="2023-05-24T21:55:42Z" duration-ms="28133" status="PASS">
          <reporter-output>
          </reporter-output>
        </test-method> <!-- loginTest -->
        <test-method is-config="true" signature="tearDown()[pri:0, instance:com.ArtiumTestCases.TC_LoginTest_001@221a3fa4]" started-at="2023-05-24T21:55:42Z" name="tearDown" finished-at="2023-05-24T21:55:42Z" duration-ms="0" status="PASS">
          <reporter-output>
          </reporter-output>
        </test-method> <!-- tearDown -->
      </class> <!-- com.ArtiumTestCases.TC_LoginTest_001 -->
    </test> <!-- Default test -->
  </suite> <!-- Default suite -->
</testng-results>
